<?xml version="1.0" encoding="UTF-8"?>
<testsuite name="runner.runner" tests="0" skipped="0" failures="0" errors="0" timestamp="1970-01-01T00:00:00" hostname="LAPTOP-D2E3CRT8" time="0.0">
  <properties/>
  <system-out><![CDATA[
3 Scenarios (3 passed)
12 Steps (12 passed)
0m8,873s

]]></system-out>
  <system-err><![CDATA[]]></system-err>
</testsuite>
