<?xml version="1.0" encoding="UTF-8"?>
<testsuite name="runner.runner" tests="0" skipped="0" failures="0" errors="0" timestamp="1970-01-01T00:00:00" hostname="LAPTOP-D2E3CRT8" time="0.0">
  <properties/>
  <system-out><![CDATA[
1 Scenarios (1 passed)
4 Steps (4 passed)
0m2,681s

]]></system-out>
  <system-err><![CDATA[]]></system-err>
</testsuite>
