<?xml version="1.0" encoding="UTF-8"?>
<testsuite name="Testear la funcionalidad del ingreso a la pagina" tests="3" skipped="0" failures="0" errors="0" timestamp="2023-03-03T01:05:18" hostname="LAPTOP-D2E3CRT8" time="8.761">
  <properties/>
  <testcase name="Como Tester quiero probar todas las opciones correctas para acceder a la pagina" classname="Testear la funcionalidad del ingreso a la pagina" time="3.012"/>
  <testcase name="Como Tester quiero probar todas las opciones correctas para acceder a la pagina" classname="Testear la funcionalidad del ingreso a la pagina" time="0.359"/>
  <testcase name="Como Tester quiero probar todas las opciones correctas para acceder a la pagina" classname="Testear la funcionalidad del ingreso a la pagina" time="5.389"/>
  <system-out><![CDATA[]]></system-out>
  <system-err><![CDATA[Starting ChromeDriver 109.0.5414.74 (e7c5703604daa9cc128ccf5a5d3e993513758913-refs/branch-heads/5414@{#1172}) on port 32291
Only local connections are allowed.
Please see https://chromedriver.chromium.org/security-considerations for suggestions on keeping ChromeDriver safe.
ChromeDriver was started successfully.
[1677805520.341][WARNING]: This version of ChromeDriver has not been tested with Chrome version 110.
Mar 02, 2023 10:05:20 PM org.openqa.selenium.remote.ProtocolHandshake createSession
INFO: Detected dialect: W3C
]]></system-err>
</testsuite>
